vcom -f compile_vhdl.f
# QuestaSim-64 vcom 10.2c Compiler 2013.07 Jul 19 2013
# -- Loading package STANDARD
# -- Loading package TEXTIO
# -- Loading package std_logic_1164
# -- Loading package NUMERIC_STD
# -- Compiling entity sp_ram
# -- Compiling architecture sp_ram_behav of sp_ram
# -- Compiling entity sp_ram_test
# -- Compiling architecture sp_ram_test_behav of sp_ram_test
# -- Loading entity sp_ram
# -- Compiling entity stack
# -- Compiling architecture stack_behav of stack
# -- Compiling entity stack_test
# -- Compiling architecture stack_test_behav of stack_test
# -- Loading entity stack
vsim -vopt work.sp_ram_test
# vsim -vopt work.sp_ram_test 
# ** Note: (vsim-3812) Design is being optimized...
# 
# Loading std.standard
# Loading std.textio(body)
# Loading ieee.std_logic_1164(body)
# Loading ieee.numeric_std(body)
# Loading work.sp_ram_test(sp_ram_test_behav)#1
add wave -position insertpoint sim:/sp_ram_test/uut1/*
run
run
run
run
run
run
run
quit -sim
vsim -vopt work.stack_test
# vsim -vopt work.stack_test 
# ** Note: (vsim-3812) Design is being optimized...
# 
# Loading std.standard
# Loading std.textio(body)
# Loading ieee.std_logic_1164(body)
# Loading ieee.numeric_std(body)
# Loading work.stack_test(stack_test_behav)#1
# Loading work.sp_ram(sp_ram_behav)#1
add wave -position insertpoint sim:/stack_test/uut1/*
run
run
run
run
run
run
run
run
quit -sim
transcript file ""
