vcom -f compile_vhdl.f
# QuestaSim-64 vcom 10.2c Compiler 2013.07 Jul 19 2013
# -- Loading package STANDARD
# -- Loading package TEXTIO
# -- Loading package std_logic_1164
# -- Loading package std_logic_arith
# -- Loading package STD_LOGIC_UNSIGNED
# -- Compiling entity bcd_2_bar
# -- Compiling architecture case_statement of bcd_2_bar
# -- Loading package NUMERIC_STD
# -- Compiling entity bcd_2_bar_tb
# -- Compiling architecture test of bcd_2_bar_tb
vsim -do "run -all" bcd_2_bar
# vsim -do {run -all} bcd_2_bar 
# ** Note: (vsim-3812) Design is being optimized...
# 
# Loading std.standard
# Loading std.textio(body)
# Loading ieee.std_logic_1164(body)
# Loading ieee.std_logic_arith(body)
# Loading ieee.std_logic_unsigned(body)
# Loading work.bcd_2_bar(case_statement)#1
# run -all 
quit -sim
transcript file ""
